<?xml version="1.0" encoding="utf-8"?><testsuites name="pytest tests"><testsuite name="pytest" errors="0" failures="0" skipped="0" tests="18" time="7.035" timestamp="2026-04-01T15:40:03.521497+00:00" hostname="agent-env-acc1b1ec-e058-49e9-aee5-e791a47a9e30"><testcase classname="backend.tests.test_billing_subscription.TestHealthCheck" name="test_health_endpoint" time="0.216" /><testcase classname="backend.tests.test_billing_subscription.TestAdminLogin" name="test_admin_login_success" time="0.899" /><testcase classname="backend.tests.test_billing_subscription.TestAdminLogin" name="test_admin_login_invalid_password" time="0.238" /><testcase classname="backend.tests.test_billing_subscription.TestAdminPremiumListings" name="test_get_premium_listings_with_admin" time="0.520" /><testcase classname="backend.tests.test_billing_subscription.TestAdminPremiumListings" name="test_get_premium_listings_without_admin" time="0.131" /><testcase classname="backend.tests.test_billing_subscription.TestAdminRemovePremium" name="test_remove_premium_without_admin" time="0.163" /><testcase classname="backend.tests.test_billing_subscription.TestAdminRemovePremium" name="test_remove_premium_nonexistent_listing" time="0.246" /><testcase classname="backend.tests.test_billing_subscription.TestAdminReallocateOwner" name="test_reallocate_without_admin" time="0.256" /><testcase classname="backend.tests.test_billing_subscription.TestAdminReallocateOwner" name="test_reallocate_missing_email" time="0.116" /><testcase classname="backend.tests.test_billing_subscription.TestAdminReallocateOwner" name="test_reallocate_nonexistent_listing" time="0.233" /><testcase classname="backend.tests.test_billing_subscription.TestUserBilling" name="test_get_billing_for_user" time="0.496" /><testcase classname="backend.tests.test_billing_subscription.TestUserBilling" name="test_get_billing_for_nonexistent_user" time="0.449" /><testcase classname="backend.tests.test_billing_subscription.TestSubscriptionDetails" name="test_get_subscription_for_premium_listing" time="0.329" /><testcase classname="backend.tests.test_billing_subscription.TestSubscriptionDetails" name="test_get_subscription_nonexistent_listing" time="0.367" /><testcase classname="backend.tests.test_billing_subscription.TestPremiumTrialFlow" name="test_start_trial_missing_data" time="0.123" /><testcase classname="backend.tests.test_billing_subscription.TestPremiumTrialFlow" name="test_start_trial_already_used" time="0.614" /><testcase classname="backend.tests.test_billing_subscription.TestListingsEndpoints" name="test_get_listings" time="0.779" /><testcase classname="backend.tests.test_billing_subscription.TestIntegrationFlow" name="test_admin_view_and_manage_premium" time="0.650" /></testsuite></testsuites>